<?xml version="1.0" encoding="UTF-8"?>
<testsuite xmlns:xsi="http://www.w3.org/2001/XMLSchema-instance" xsi:noNamespaceSchemaLocation="https://maven.apache.org/surefire/maven-surefire-plugin/xsd/surefire-test-report.xsd" name="pr2.org.AppTest" time="0.09" tests="7" errors="0" skipped="0" failures="1">
  <properties>
[...]
</properties>
  <testcase name="testintersecLambda" classname="pr2.org.AppTest" time="0.006"/>
  <testcase name="shouldAnswerWithTrue" classname="pr2.org.AppTest" time="0"/>
  <testcase name="testUnionIt" classname="pr2.org.AppTest" time="0"/>
  <testcase name="testUnionRec" classname="pr2.org.AppTest" time="0.011">
    <failure message="expected:&lt;[1, 2, 3, 4, 6, 11, 13]&gt; but was:&lt;[]&gt;" type="java.lang.AssertionError"><![CDATA[java.lang.AssertionError: expected:<[1, 2, 3, 4, 6, 11, 13]> but was:<[]>
	at pr2.org.AppTest.testUnionRec(AppTest.java:71)
]]></failure>
  </testcase>
  <testcase name="noVaccio" classname="pr2.org.AppTest" time="0"/>
  <testcase name="testIntRecur" classname="pr2.org.AppTest" time="0"/>
  <testcase name="testIntIter" classname="pr2.org.AppTest" time="0"/>
</testsuite>