-------------------------------------------------------------------------------
Test set: pr2.org.AppTest
-------------------------------------------------------------------------------
Tests run: 2, Failures: 1, Errors: 0, Skipped: 0, Time elapsed: 0.252 s <<< FAILURE! - in pr2.org.AppTest
diferenciaR(pr2.org.AppTest)  Time elapsed: 0.039 s  <<< FAILURE!
java.lang.AssertionError: expected:<[2, 4, 7, 5]> but was:<[4, 7, 1, 5, 2]>
	at pr2.org.AppTest.diferenciaR(AppTest.java:40)

